cl : Command line warning D9025: overriding '/MDd' with '/MT'
  DetectNetFramwork.cpp
c:\users\onion\documents\github\report-examonline\detectnetframwork\detectnetframwork\detectnetframwork.cpp(881): warning C4477: 'printf' : format string '%s' requires an argument of type 'char *', but variadic argument 1 has type 'TCHAR *'
  c:\users\onion\documents\github\report-examonline\detectnetframwork\detectnetframwork\detectnetframwork.cpp(881): note: consider using '%ls' in the format string
  c:\users\onion\documents\github\report-examonline\detectnetframwork\detectnetframwork\detectnetframwork.cpp(881): note: consider using '%lls' in the format string
  c:\users\onion\documents\github\report-examonline\detectnetframwork\detectnetframwork\detectnetframwork.cpp(881): note: consider using '%Ls' in the format string
  c:\users\onion\documents\github\report-examonline\detectnetframwork\detectnetframwork\detectnetframwork.cpp(881): note: consider using '%ws' in the format string
c:\users\onion\documents\github\report-examonline\detectnetframwork\detectnetframwork\detectnetframwork.cpp(970): warning C4474: 'swprintf_s' : too many arguments passed for format string
  c:\users\onion\documents\github\report-examonline\detectnetframwork\detectnetframwork\detectnetframwork.cpp(970): note: placeholders and their parameters expect 0 variadic arguments, but 1 were provided
c:\users\onion\documents\github\report-examonline\detectnetframwork\detectnetframwork\detectnetframwork.cpp(988): warning C4474: 'swprintf_s' : too many arguments passed for format string
  c:\users\onion\documents\github\report-examonline\detectnetframwork\detectnetframwork\detectnetframwork.cpp(988): note: placeholders and their parameters expect 0 variadic arguments, but 1 were provided
c:\users\onion\documents\github\report-examonline\detectnetframwork\detectnetframwork\detectnetframwork.cpp(1006): warning C4474: 'swprintf_s' : too many arguments passed for format string
  c:\users\onion\documents\github\report-examonline\detectnetframwork\detectnetframwork\detectnetframwork.cpp(1006): note: placeholders and their parameters expect 0 variadic arguments, but 1 were provided
c:\users\onion\documents\github\report-examonline\detectnetframwork\detectnetframwork\detectnetframwork.cpp(1024): warning C4474: 'swprintf_s' : too many arguments passed for format string
  c:\users\onion\documents\github\report-examonline\detectnetframwork\detectnetframwork\detectnetframwork.cpp(1024): note: placeholders and their parameters expect 0 variadic arguments, but 1 were provided
c:\users\onion\documents\github\report-examonline\detectnetframwork\detectnetframwork\detectnetframwork.cpp(1042): warning C4474: 'swprintf_s' : too many arguments passed for format string
  c:\users\onion\documents\github\report-examonline\detectnetframwork\detectnetframwork\detectnetframwork.cpp(1042): note: placeholders and their parameters expect 0 variadic arguments, but 1 were provided
c:\users\onion\documents\github\report-examonline\detectnetframwork\detectnetframwork\detectnetframwork.cpp(1060): warning C4474: 'swprintf_s' : too many arguments passed for format string
  c:\users\onion\documents\github\report-examonline\detectnetframwork\detectnetframwork\detectnetframwork.cpp(1060): note: placeholders and their parameters expect 0 variadic arguments, but 1 were provided
c:\users\onion\documents\github\report-examonline\detectnetframwork\detectnetframwork\detectnetframwork.cpp(1078): warning C4474: 'swprintf_s' : too many arguments passed for format string
  c:\users\onion\documents\github\report-examonline\detectnetframwork\detectnetframwork\detectnetframwork.cpp(1078): note: placeholders and their parameters expect 0 variadic arguments, but 1 were provided
c:\users\onion\documents\github\report-examonline\detectnetframwork\detectnetframwork\detectnetframwork.cpp(1114): warning C4474: 'swprintf_s' : too many arguments passed for format string
  c:\users\onion\documents\github\report-examonline\detectnetframwork\detectnetframwork\detectnetframwork.cpp(1114): note: placeholders and their parameters expect 0 variadic arguments, but 1 were provided
c:\users\onion\documents\github\report-examonline\detectnetframwork\detectnetframwork\detectnetframwork.cpp(1132): warning C4474: 'swprintf_s' : too many arguments passed for format string
  c:\users\onion\documents\github\report-examonline\detectnetframwork\detectnetframwork\detectnetframwork.cpp(1132): note: placeholders and their parameters expect 0 variadic arguments, but 1 were provided
c:\users\onion\documents\github\report-examonline\detectnetframwork\detectnetframwork\detectnetframwork.cpp(1150): warning C4474: 'swprintf_s' : too many arguments passed for format string
  c:\users\onion\documents\github\report-examonline\detectnetframwork\detectnetframwork\detectnetframwork.cpp(1150): note: placeholders and their parameters expect 0 variadic arguments, but 1 were provided
c:\users\onion\documents\github\report-examonline\detectnetframwork\detectnetframwork\detectnetframwork.cpp(1168): warning C4474: 'swprintf_s' : too many arguments passed for format string
  c:\users\onion\documents\github\report-examonline\detectnetframwork\detectnetframwork\detectnetframwork.cpp(1168): note: placeholders and their parameters expect 0 variadic arguments, but 1 were provided
c:\users\onion\documents\github\report-examonline\detectnetframwork\detectnetframwork\detectnetframwork.cpp(1186): warning C4474: 'swprintf_s' : too many arguments passed for format string
  c:\users\onion\documents\github\report-examonline\detectnetframwork\detectnetframwork\detectnetframwork.cpp(1186): note: placeholders and their parameters expect 0 variadic arguments, but 1 were provided
c:\users\onion\documents\github\report-examonline\detectnetframwork\detectnetframwork\detectnetframwork.cpp(1204): warning C4474: 'swprintf_s' : too many arguments passed for format string
  c:\users\onion\documents\github\report-examonline\detectnetframwork\detectnetframwork\detectnetframwork.cpp(1204): note: placeholders and their parameters expect 0 variadic arguments, but 1 were provided
c:\users\onion\documents\github\report-examonline\detectnetframwork\detectnetframwork\detectnetframwork.cpp(1222): warning C4474: 'swprintf_s' : too many arguments passed for format string
  c:\users\onion\documents\github\report-examonline\detectnetframwork\detectnetframwork\detectnetframwork.cpp(1222): note: placeholders and their parameters expect 0 variadic arguments, but 1 were provided
  DetectNetFramwork.vcxproj -> C:\Users\ONION\Documents\GitHub\Report-ExamOnline\DetectNetFramwork\Debug\DetectNetFramwork.exe
  DetectNetFramwork.vcxproj -> C:\Users\ONION\Documents\GitHub\Report-ExamOnline\DetectNetFramwork\Debug\DetectNetFramwork.pdb (Full PDB)
